<?xml version="1.0" encoding="UTF-8"?>
<!-- Generated by org.testng.reporters.JUnitReportReporter -->
<testsuite hostname="LAPTOP-GHCIP61N" failures="0" tests="1" name="Demo" time="0.008" errors="0" timestamp="2023-01-17T11:48:47 IST" skipped="0">
  <testcase classname="Demo" name="demoTest" time="0.008"/>
  <system-out/>
</testsuite> <!-- Demo -->
